<?xml version="1.0" encoding="UTF-8"?>
<!-- Generated by org.testng.reporters.JUnitReportReporter -->
<testsuite hostname="shakushi.local" failures="0" tests="1" name="com.scrm.why1139.webapplication.WebApplicationTests" time="0.521" errors="0" timestamp="26 8æœˆ 2019 00:52:13 GMT" skipped="0">
  <testcase classname="com.scrm.why1139.webapplication.WebApplicationTests" name="contextLoads" time="0.521"/>
</testsuite> <!-- com.scrm.why1139.webapplication.WebApplicationTests -->
